<?xml version="1.0" encoding="UTF-8"?>
<testsuite name="logger.java.AppTest" tests="1" skipped="0" failures="0" errors="0" timestamp="2022-08-11T01:43:20" hostname="zhanghongtaodeMacBook-Pro.local" time="0.019">
  <properties/>
  <testcase name="appHasAGreeting()" classname="logger.java.AppTest" time="0.019"/>
  <system-out><![CDATA[]]></system-out>
  <system-err><![CDATA[]]></system-err>
</testsuite>
